
[2016-05-23 13:03:55][INFO] [file: D:\wamp\www\sxb\index.php][function: handle]request data: {"uid": "user1002"}
[2016-05-23 13:03:55][INFO] [file: D:\wamp\www\sxb\index.php][function: handle]response time: 0 secs, svc = user_av_room, cmd = get
[2016-05-23 13:03:55][INFO] [file: D:\wamp\www\sxb\index.php][function: handle]response data: {"errorCode":90000,"errorInfo":"Server internal error"}
[2016-05-23 13:05:23][INFO] [file: D:\wamp\www\sxb\index.php][function: handle]request data: {"uid": "user1002"}
[2016-05-23 13:05:23][INFO] [file: D:\wamp\www\sxb\index.php][function: handle]response time: 0 secs, svc = user_av_room, cmd = get
[2016-05-23 13:05:23][INFO] [file: D:\wamp\www\sxb\index.php][function: handle]response data: {"errorCode":90000,"errorInfo":"Server1 internal error"}
[2016-05-23 13:06:03][INFO] [file: D:\wamp\www\sxb\index.php][function: handle]request data: {"uid": "user1002"}
[2016-05-23 13:06:49][INFO] [file: D:\wamp\www\sxb\index.php][function: handle]request data: {"uid": "user1002"}
[2016-05-23 13:07:20][INFO] [file: D:\wamp\www\sxb\index.php][function: handle]request data: {"uid": "user1002"}
[2016-05-23 13:07:33][INFO] [file: D:\wamp\www\sxb\index.php][function: handle]request data: {"uid": "user1002"}
[2016-05-23 13:08:12][INFO] [file: D:\wamp\www\sxb\index.php][function: handle]request data: {"uid": "user1002"}
[2016-05-23 13:08:34][INFO] [file: D:\wamp\www\sxb\index.php][function: handle]request data: {"uid": "user1002"}
[2016-05-23 13:11:06][INFO] [file: D:\wamp\www\sxb\index.php][function: handle]request data: {"uid": "user1002"}
[2016-05-23 13:11:40][INFO] [file: D:\wamp\www\sxb\index.php][function: handle]request data: {"uid": "user1002"}
[2016-05-23 13:12:32][INFO] [file: D:\wamp\www\sxb\index.php][function: handle]request data: {"uid": "user1002"}
[2016-05-23 13:13:09][INFO] [file: D:\wamp\www\sxb\index.php][function: handle]request data: {"uid": "user1002"}
[2016-05-23 13:15:53][INFO] [file: D:\wamp\www\sxb\index.php][function: handle]request data: {"uid": "user1002"}
[2016-05-23 13:16:56][INFO] [file: D:\wamp\www\sxb\index.php][function: handle]request data: {"uid": "user1002"}
[2016-05-23 13:17:58][INFO] [file: D:\wamp\www\sxb\index.php][function: handle]request data: {"uid": "user1002"}
[2016-05-23 13:18:46][INFO] [file: D:\wamp\www\sxb\index.php][function: handle]request data: {"uid": "user1002"}
[2016-05-23 13:20:17][INFO] [file: D:\wamp\www\sxb\index.php][function: handle]request data: {"uid": "user1002"}
[2016-05-23 13:20:17][INFO] [file: D:\wamp\www\sxb\index.php][function: handle]response time: 0 secs, svc = user_av_room, cmd = get
[2016-05-23 13:20:17][INFO] [file: D:\wamp\www\sxb\index.php][function: handle]response data: {"data":{"id":10000},"errorCode":0,"errorInfo":""}
[2016-05-23 13:20:53][INFO] [file: D:\wamp\www\sxb\index.php][function: handle]request data: {"lbs": {"latitude": 2.1, "longitude": 1.2, "address": "\u4e0a\u6d77"}, "title": "\u54c7\u54c7\u54c7\u54c7\u54c7\u54c7\u54c7\u54c7\u54c7\u54c7\u54c7\u54c7\u54c7\u54c7\u54c7\u54c7\u54c7\u54c7\u54c7\u54c7\u54c7\u54c7\u54c7\u54c7\u54c7\u54c7\u54c7\u54c7\u54c7\u54c7\u54c7\u54c7", "cover": "http://aa.com", "host": {"username": "\u7528\u6237\u540d", "uid": "user1002", "avatar": "http://r.plures.net/lg/images/star/live/topbar-logo-large.png"}, "chatRoomId": "1", "avRoomId": 1}
[2016-05-23 13:21:10][INFO] [file: D:\wamp\www\sxb\index.php][function: handle]request data: {"lbs": {"latitude": 2.1, "longitude": 1.2, "address": "\u4e0a\u6d77"}, "title": "\u54c7\u54c7\u54c7\u54c7\u54c7\u54c7\u54c7\u54c7\u54c7\u54c7\u54c7\u54c7\u54c7\u54c7\u54c7\u54c7\u54c7\u54c7\u54c7\u54c7\u54c7\u54c7\u54c7\u54c7\u54c7\u54c7\u54c7\u54c7\u54c7\u54c7\u54c7\u54c7", "cover": "http://aa.com", "host": {"username": "\u7528\u6237\u540d", "uid": "user1002", "avatar": "http://r.plures.net/lg/images/star/live/topbar-logo-large.png"}, "chatRoomId": "1", "avRoomId": 1}
[2016-05-23 13:22:19][INFO] [file: D:\wamp\www\sxb\index.php][function: handle]request data: {"lbs": {"latitude": 2.1, "longitude": 1.2, "address": "\u4e0a\u6d77"}, "title": "\u54c7\u54c7\u54c7\u54c7\u54c7\u54c7\u54c7\u54c7\u54c7\u54c7\u54c7\u54c7\u54c7\u54c7\u54c7\u54c7\u54c7\u54c7\u54c7\u54c7\u54c7\u54c7\u54c7\u54c7\u54c7\u54c7\u54c7\u54c7\u54c7\u54c7\u54c7\u54c7", "cover": "http://aa.com", "host": {"username": "\u7528\u6237\u540d", "uid": "user1002", "avatar": "http://r.plures.net/lg/images/star/live/topbar-logo-large.png"}, "chatRoomId": "1", "avRoomId": 1}
[2016-05-23 13:22:36][INFO] [file: D:\wamp\www\sxb\index.php][function: handle]request data: {"lbs": {"latitude": 2.1, "longitude": 1.2, "address": "\u4e0a\u6d77"}, "title": "\u54c7\u54c7\u54c7\u54c7\u54c7\u54c7\u54c7\u54c7\u54c7\u54c7\u54c7\u54c7\u54c7\u54c7\u54c7\u54c7\u54c7\u54c7\u54c7\u54c7\u54c7\u54c7\u54c7\u54c7\u54c7\u54c7\u54c7\u54c7\u54c7\u54c7\u54c7\u54c7", "cover": "http://aa.com", "host": {"username": "\u7528\u6237\u540d", "uid": "user1002", "avatar": "http://r.plures.net/lg/images/star/live/topbar-logo-large.png"}, "chatRoomId": "1", "avRoomId": 1}
[2016-05-23 13:23:48][INFO] [file: D:\wamp\www\sxb\index.php][function: handle]request data: {"lbs": {"latitude": 2.1, "longitude": 1.2, "address": "\u4e0a\u6d77"}, "title": "\u54c7\u54c7\u54c7\u54c7\u54c7\u54c7\u54c7\u54c7\u54c7\u54c7\u54c7\u54c7\u54c7\u54c7\u54c7\u54c7\u54c7\u54c7\u54c7\u54c7\u54c7\u54c7\u54c7\u54c7\u54c7\u54c7\u54c7\u54c7\u54c7\u54c7\u54c7\u54c7", "cover": "http://aa.com", "host": {"username": "\u7528\u6237\u540d", "uid": "user1002", "avatar": "http://r.plures.net/lg/images/star/live/topbar-logo-large.png"}, "chatRoomId": "1", "avRoomId": 1}
[2016-05-23 13:24:49][INFO] [file: D:\wamp\www\sxb\index.php][function: handle]request data: {"lbs": {"latitude": 2.1, "longitude": 1.2, "address": "\u4e0a\u6d77"}, "title": "\u54c7\u54c7\u54c7\u54c7\u54c7\u54c7\u54c7\u54c7\u54c7\u54c7\u54c7\u54c7\u54c7\u54c7\u54c7\u54c7\u54c7\u54c7\u54c7\u54c7\u54c7\u54c7\u54c7\u54c7\u54c7\u54c7\u54c7\u54c7\u54c7\u54c7\u54c7\u54c7", "cover": "http://aa.com", "host": {"username": "\u7528\u6237\u540d", "uid": "user1002", "avatar": "http://r.plures.net/lg/images/star/live/topbar-logo-large.png"}, "chatRoomId": "1", "avRoomId": 1}
[2016-05-23 13:25:23][INFO] [file: D:\wamp\www\sxb\index.php][function: handle]request data: {"lbs": {"latitude": 2.1, "longitude": 1.2, "address": "\u4e0a\u6d77"}, "title": "\u54c7\u54c7\u54c7\u54c7\u54c7\u54c7\u54c7\u54c7\u54c7\u54c7\u54c7\u54c7\u54c7\u54c7\u54c7\u54c7\u54c7\u54c7\u54c7\u54c7\u54c7\u54c7\u54c7\u54c7\u54c7\u54c7\u54c7\u54c7\u54c7\u54c7\u54c7\u54c7", "cover": "http://aa.com", "host": {"username": "\u7528\u6237\u540d", "uid": "user1002", "avatar": "http://r.plures.net/lg/images/star/live/topbar-logo-large.png"}, "chatRoomId": "1", "avRoomId": 1}
[2016-05-23 13:26:03][INFO] [file: D:\wamp\www\sxb\index.php][function: handle]request data: {"lbs": {"latitude": 2.1, "longitude": 1.2, "address": "\u4e0a\u6d77"}, "title": "\u54c7\u54c7\u54c7\u54c7\u54c7\u54c7\u54c7\u54c7\u54c7\u54c7\u54c7\u54c7\u54c7\u54c7\u54c7\u54c7\u54c7\u54c7\u54c7\u54c7\u54c7\u54c7\u54c7\u54c7\u54c7\u54c7\u54c7\u54c7\u54c7\u54c7\u54c7\u54c7", "cover": "http://aa.com", "host": {"username": "\u7528\u6237\u540d", "uid": "user1002", "avatar": "http://r.plures.net/lg/images/star/live/topbar-logo-large.png"}, "chatRoomId": "1", "avRoomId": 1}
[2016-05-23 13:26:52][INFO] [file: D:\wamp\www\sxb\index.php][function: handle]request data: {"lbs": {"latitude": 2.1, "longitude": 1.2, "address": "\u4e0a\u6d77"}, "title": "\u54c7\u54c7\u54c7\u54c7\u54c7\u54c7\u54c7\u54c7\u54c7\u54c7\u54c7\u54c7\u54c7\u54c7\u54c7\u54c7\u54c7\u54c7\u54c7\u54c7\u54c7\u54c7\u54c7\u54c7\u54c7\u54c7\u54c7\u54c7\u54c7\u54c7\u54c7\u54c7", "cover": "http://aa.com", "host": {"username": "\u7528\u6237\u540d", "uid": "user1002", "avatar": "http://r.plures.net/lg/images/star/live/topbar-logo-large.png"}, "chatRoomId": "1", "avRoomId": 1}
[2016-05-23 13:28:55][INFO] [file: D:\wamp\www\sxb\index.php][function: handle]request data: {"lbs": {"latitude": 2.1, "longitude": 1.2, "address": "\u4e0a\u6d77"}, "title": "\u54c7\u54c7\u54c7\u54c7\u54c7\u54c7\u54c7\u54c7\u54c7\u54c7\u54c7\u54c7\u54c7\u54c7\u54c7\u54c7\u54c7\u54c7\u54c7\u54c7\u54c7\u54c7\u54c7\u54c7\u54c7\u54c7\u54c7\u54c7\u54c7\u54c7\u54c7\u54c7", "cover": "http://aa.com", "host": {"username": "\u7528\u6237\u540d", "uid": "user1002", "avatar": "http://r.plures.net/lg/images/star/live/topbar-logo-large.png"}, "chatRoomId": "1", "avRoomId": 1}
[2016-05-23 13:31:46][INFO] [file: D:\wamp\www\sxb\index.php][function: handle]request data: {"lbs": {"latitude": 2.1, "longitude": 1.2, "address": "\u4e0a\u6d77"}, "title": "\u54c7\u54c7\u54c7\u54c7\u54c7\u54c7\u54c7\u54c7\u54c7\u54c7\u54c7\u54c7\u54c7\u54c7\u54c7\u54c7\u54c7\u54c7\u54c7\u54c7\u54c7\u54c7\u54c7\u54c7\u54c7\u54c7\u54c7\u54c7\u54c7\u54c7\u54c7\u54c7", "cover": "http://aa.com", "host": {"username": "\u7528\u6237\u540d", "uid": "user1002", "avatar": "http://r.plures.net/lg/images/star/live/topbar-logo-large.png"}, "chatRoomId": "1", "avRoomId": 1}
[2016-05-23 13:33:20][INFO] [file: D:\wamp\www\sxb\index.php][function: handle]request data: {"lbs": {"latitude": 2.1, "longitude": 1.2, "address": "\u4e0a\u6d77"}, "title": "\u54c7\u54c7\u54c7\u54c7\u54c7\u54c7\u54c7\u54c7\u54c7\u54c7\u54c7\u54c7\u54c7\u54c7\u54c7\u54c7\u54c7\u54c7\u54c7\u54c7\u54c7\u54c7\u54c7\u54c7\u54c7\u54c7\u54c7\u54c7\u54c7\u54c7\u54c7\u54c7", "cover": "http://aa.com", "host": {"username": "\u7528\u6237\u540d", "uid": "user1002", "avatar": "http://r.plures.net/lg/images/star/live/topbar-logo-large.png"}, "chatRoomId": "1", "avRoomId": 1}
[2016-05-23 13:34:32][INFO] [file: D:\wamp\www\sxb\index.php][function: handle]request data: {"lbs": {"latitude": 2.1, "longitude": 1.2, "address": "\u4e0a\u6d77"}, "title": "\u54c7\u54c7\u54c7\u54c7\u54c7\u54c7\u54c7\u54c7\u54c7\u54c7\u54c7\u54c7\u54c7\u54c7\u54c7\u54c7\u54c7\u54c7\u54c7\u54c7\u54c7\u54c7\u54c7\u54c7\u54c7\u54c7\u54c7\u54c7\u54c7\u54c7\u54c7\u54c7", "cover": "http://aa.com", "host": {"username": "\u7528\u6237\u540d", "uid": "user1002", "avatar": "http://r.plures.net/lg/images/star/live/topbar-logo-large.png"}, "chatRoomId": "1", "avRoomId": 1}
[2016-05-23 13:36:13][INFO] [file: D:\wamp\www\sxb\index.php][function: handle]request data: {"lbs": {"latitude": 2.1, "longitude": 1.2, "address": "\u4e0a\u6d77"}, "title": "\u54c7\u54c7\u54c7\u54c7\u54c7\u54c7\u54c7\u54c7\u54c7\u54c7\u54c7\u54c7\u54c7\u54c7\u54c7\u54c7\u54c7\u54c7\u54c7\u54c7\u54c7\u54c7\u54c7\u54c7\u54c7\u54c7\u54c7\u54c7\u54c7\u54c7\u54c7\u54c7", "cover": "http://aa.com", "host": {"username": "\u7528\u6237\u540d", "uid": "user1002", "avatar": "http://r.plures.net/lg/images/star/live/topbar-logo-large.png"}, "chatRoomId": "1", "avRoomId": 1}
[2016-05-23 13:37:35][INFO] [file: D:\wamp\www\sxb\index.php][function: handle]request data: {"lbs": {"latitude": 2.1, "longitude": 1.2, "address": "\u4e0a\u6d77"}, "title": "\u54c7\u54c7\u54c7\u54c7\u54c7\u54c7\u54c7\u54c7\u54c7\u54c7\u54c7\u54c7\u54c7\u54c7\u54c7\u54c7\u54c7\u54c7\u54c7\u54c7\u54c7\u54c7\u54c7\u54c7\u54c7\u54c7\u54c7\u54c7\u54c7\u54c7\u54c7\u54c7", "cover": "http://aa.com", "host": {"username": "\u7528\u6237\u540d", "uid": "user1002", "avatar": "http://r.plures.net/lg/images/star/live/topbar-logo-large.png"}, "chatRoomId": "1", "avRoomId": 1}
[2016-05-23 13:38:37][INFO] [file: D:\wamp\www\sxb\index.php][function: handle]request data: {"lbs": {"latitude": 2.1, "longitude": 1.2, "address": "\u4e0a\u6d77"}, "title": "\u54c7\u54c7\u54c7\u54c7\u54c7\u54c7\u54c7\u54c7\u54c7\u54c7\u54c7\u54c7\u54c7\u54c7\u54c7\u54c7\u54c7\u54c7\u54c7\u54c7\u54c7\u54c7\u54c7\u54c7\u54c7\u54c7\u54c7\u54c7\u54c7\u54c7\u54c7\u54c7", "cover": "http://aa.com", "host": {"username": "\u7528\u6237\u540d", "uid": "user1002", "avatar": "http://r.plures.net/lg/images/star/live/topbar-logo-large.png"}, "chatRoomId": "1", "avRoomId": 1}
[2016-05-23 13:38:49][INFO] [file: D:\wamp\www\sxb\index.php][function: handle]request data: {"lbs": {"latitude": 2.1, "longitude": 1.2, "address": "\u4e0a\u6d77"}, "title": "\u54c7\u54c7\u54c7\u54c7\u54c7\u54c7\u54c7\u54c7\u54c7\u54c7\u54c7\u54c7\u54c7\u54c7\u54c7\u54c7\u54c7\u54c7\u54c7\u54c7\u54c7\u54c7\u54c7\u54c7\u54c7\u54c7\u54c7\u54c7\u54c7\u54c7\u54c7\u54c7", "cover": "http://aa.com", "host": {"username": "\u7528\u6237\u540d", "uid": "user1002", "avatar": "http://r.plures.net/lg/images/star/live/topbar-logo-large.png"}, "chatRoomId": "1", "avRoomId": 1}
[2016-05-23 13:38:49][INFO] [file: D:\wamp\www\sxb\index.php][function: handle]response time: 0 secs, svc = live, cmd = start
[2016-05-23 13:38:49][INFO] [file: D:\wamp\www\sxb\index.php][function: handle]response data: {"errorCode":90000,"errorInfo":"Server internal error"}
[2016-05-23 13:39:44][INFO] [file: D:\wamp\www\sxb\index.php][function: handle]request data: {"lbs": {"latitude": 2.1, "longitude": 1.2, "address": "\u4e0a\u6d77"}, "title": "\u54c7\u54c7\u54c7\u54c7\u54c7\u54c7\u54c7\u54c7\u54c7\u54c7\u54c7\u54c7\u54c7\u54c7\u54c7\u54c7\u54c7\u54c7\u54c7\u54c7\u54c7\u54c7\u54c7\u54c7\u54c7\u54c7\u54c7\u54c7\u54c7\u54c7\u54c7\u54c7", "cover": "http://aa.com", "host": {"username": "\u7528\u6237\u540d", "uid": "user1002", "avatar": "http://r.plures.net/lg/images/star/live/topbar-logo-large.png"}, "chatRoomId": "1", "avRoomId": 1}
[2016-05-23 13:40:11][INFO] [file: D:\wamp\www\sxb\index.php][function: handle]request data: {"lbs": {"latitude": 2.1, "longitude": 1.2, "address": "\u4e0a\u6d77"}, "title": "\u54c7\u54c7\u54c7\u54c7\u54c7\u54c7\u54c7\u54c7\u54c7\u54c7\u54c7\u54c7\u54c7\u54c7\u54c7\u54c7\u54c7\u54c7\u54c7\u54c7\u54c7\u54c7\u54c7\u54c7\u54c7\u54c7\u54c7\u54c7\u54c7\u54c7\u54c7\u54c7", "cover": "http://aa.com", "host": {"username": "\u7528\u6237\u540d", "uid": "user1002", "avatar": "http://r.plures.net/lg/images/star/live/topbar-logo-large.png"}, "chatRoomId": "1", "avRoomId": 1}
[2016-05-23 13:41:44][INFO] [file: D:\wamp\www\sxb\index.php][function: handle]request data: {"lbs": {"latitude": 2.1, "longitude": 1.2, "address": "\u4e0a\u6d77"}, "title": "\u54c7\u54c7\u54c7\u54c7\u54c7\u54c7\u54c7\u54c7\u54c7\u54c7\u54c7\u54c7\u54c7\u54c7\u54c7\u54c7\u54c7\u54c7\u54c7\u54c7\u54c7\u54c7\u54c7\u54c7\u54c7\u54c7\u54c7\u54c7\u54c7\u54c7\u54c7\u54c7", "cover": "http://aa.com", "host": {"username": "\u7528\u6237\u540d", "uid": "user1002", "avatar": "http://r.plures.net/lg/images/star/live/topbar-logo-large.png"}, "chatRoomId": "1", "avRoomId": 1}
[2016-05-23 13:42:07][INFO] [file: D:\wamp\www\sxb\index.php][function: handle]request data: {"lbs": {"latitude": 2.1, "longitude": 1.2, "address": "\u4e0a\u6d77"}, "title": "\u54c7\u54c7\u54c7\u54c7\u54c7\u54c7\u54c7\u54c7\u54c7\u54c7\u54c7\u54c7\u54c7\u54c7\u54c7\u54c7\u54c7\u54c7\u54c7\u54c7\u54c7\u54c7\u54c7\u54c7\u54c7\u54c7\u54c7\u54c7\u54c7\u54c7\u54c7\u54c7", "cover": "http://aa.com", "host": {"username": "\u7528\u6237\u540d", "uid": "user1002", "avatar": "http://r.plures.net/lg/images/star/live/topbar-logo-large.png"}, "chatRoomId": "1", "avRoomId": 1}
[2016-05-23 13:42:15][INFO] [file: D:\wamp\www\sxb\index.php][function: handle]request data: {"lbs": {"latitude": 2.1, "longitude": 1.2, "address": "\u4e0a\u6d77"}, "title": "\u54c7\u54c7\u54c7\u54c7\u54c7\u54c7\u54c7\u54c7\u54c7\u54c7\u54c7\u54c7\u54c7\u54c7\u54c7\u54c7\u54c7\u54c7\u54c7\u54c7\u54c7\u54c7\u54c7\u54c7\u54c7\u54c7\u54c7\u54c7\u54c7\u54c7\u54c7\u54c7", "cover": "http://aa.com", "host": {"username": "\u7528\u6237\u540d", "uid": "user1002", "avatar": "http://r.plures.net/lg/images/star/live/topbar-logo-large.png"}, "chatRoomId": "1", "avRoomId": 1}
[2016-05-23 13:42:27][INFO] [file: D:\wamp\www\sxb\index.php][function: handle]request data: {"lbs": {"latitude": 2.1, "longitude": 1.2, "address": "\u4e0a\u6d77"}, "title": "\u54c7\u54c7\u54c7\u54c7\u54c7\u54c7\u54c7\u54c7\u54c7\u54c7\u54c7\u54c7\u54c7\u54c7\u54c7\u54c7\u54c7\u54c7\u54c7\u54c7\u54c7\u54c7\u54c7\u54c7\u54c7\u54c7\u54c7\u54c7\u54c7\u54c7\u54c7\u54c7", "cover": "http://aa.com", "host": {"username": "\u7528\u6237\u540d", "uid": "user1002", "avatar": "http://r.plures.net/lg/images/star/live/topbar-logo-large.png"}, "chatRoomId": "1", "avRoomId": 1}
[2016-05-23 13:45:04][INFO] [file: D:\wamp\www\sxb\index.php][function: handle]request data: {"lbs": {"latitude": 2.1, "longitude": 1.2, "address": "\u4e0a\u6d77"}, "title": "\u54c7\u54c7\u54c7\u54c7\u54c7\u54c7\u54c7\u54c7\u54c7\u54c7\u54c7\u54c7\u54c7\u54c7\u54c7\u54c7\u54c7\u54c7\u54c7\u54c7\u54c7\u54c7\u54c7\u54c7\u54c7\u54c7\u54c7\u54c7\u54c7\u54c7\u54c7\u54c7", "cover": "http://aa.com", "host": {"username": "\u7528\u6237\u540d", "uid": "user1002", "avatar": "http://r.plures.net/lg/images/star/live/topbar-logo-large.png"}, "chatRoomId": "1", "avRoomId": 1}
[2016-05-23 13:45:24][INFO] [file: D:\wamp\www\sxb\index.php][function: handle]request data: {"lbs": {"latitude": 2.1, "longitude": 1.2, "address": "\u4e0a\u6d77"}, "title": "\u54c7\u54c7\u54c7\u54c7\u54c7\u54c7\u54c7\u54c7\u54c7\u54c7\u54c7\u54c7\u54c7\u54c7\u54c7\u54c7\u54c7\u54c7\u54c7\u54c7\u54c7\u54c7\u54c7\u54c7\u54c7\u54c7\u54c7\u54c7\u54c7\u54c7\u54c7\u54c7", "cover": "http://aa.com", "host": {"username": "\u7528\u6237\u540d", "uid": "user1002", "avatar": "http://r.plures.net/lg/images/star/live/topbar-logo-large.png"}, "chatRoomId": "1", "avRoomId": 1}
[2016-05-23 13:45:48][INFO] [file: D:\wamp\www\sxb\index.php][function: handle]request data: {"lbs": {"latitude": 2.1, "longitude": 1.2, "address": "\u4e0a\u6d77"}, "title": "\u54c7\u54c7\u54c7\u54c7\u54c7\u54c7\u54c7\u54c7\u54c7\u54c7\u54c7\u54c7\u54c7\u54c7\u54c7\u54c7\u54c7\u54c7\u54c7\u54c7\u54c7\u54c7\u54c7\u54c7\u54c7\u54c7\u54c7\u54c7\u54c7\u54c7\u54c7\u54c7", "cover": "http://aa.com", "host": {"username": "\u7528\u6237\u540d", "uid": "user1002", "avatar": "http://r.plures.net/lg/images/star/live/topbar-logo-large.png"}, "chatRoomId": "1", "avRoomId": 1}
[2016-05-23 13:45:48][INFO] [file: D:\wamp\www\sxb\index.php][function: handle]response time: 0 secs, svc = live, cmd = start
[2016-05-23 13:45:48][INFO] [file: D:\wamp\www\sxb\index.php][function: handle]response data: {"data":{"id":"2"},"errorCode":0,"errorInfo":""}
[2016-05-23 13:46:02][INFO] [file: D:\wamp\www\sxb\index.php][function: handle]request data: {"pageIndex": 0, "pageSize": 10}
[2016-05-23 13:46:02][INFO] [file: D:\wamp\www\sxb\index.php][function: handle]response time: 0 secs, svc = live, cmd = list
[2016-05-23 13:46:02][INFO] [file: D:\wamp\www\sxb\index.php][function: handle]response data: {"data":{"totalItem":2,"recordList":[{"title":"2016-05-23 13:45:48","cover":"2016-05-23 13:45:48","chatRoomId":2016,"host":{"uid":"2016-05-23 13:45:48","avatar":"2016-05-23 13:45:48","username":"2016-05-23 13:45:48"},"lbs":{"longitude":2016,"latitude":2016,"address":"2016-05-23 13:45:48"},"admireCount":2016,"timeSpan":2016,"watchCount":2016,"createTime":false,"avRoomId":2016},{"title":"2016-05-23 13:45:24","cover":"2016-05-23 13:45:24","chatRoomId":2016,"host":{"uid":"2016-05-23 13:45:24","avatar":"2016-05-23 13:45:24","username":"2016-05-23 13:45:24"},"lbs":{"longitude":2016,"latitude":2016,"address":"2016-05-23 13:45:24"},"admireCount":2016,"timeSpan":2016,"watchCount":2016,"createTime":false,"avRoomId":2016}]},"errorCode":0,"errorInfo":""}
[2016-05-23 13:46:18][INFO] [file: D:\wamp\www\sxb\index.php][function: handle]request data: {"admireCount": 50, "watchCount": 500, "uid": "user1002", "timeSpan": 50}
[2016-05-23 13:46:30][INFO] [file: D:\wamp\www\sxb\index.php][function: handle]request data: {"admireCount": 50, "watchCount": 500, "uid": "user1002", "timeSpan": 50}
[2016-05-23 13:47:08][INFO] [file: D:\wamp\www\sxb\index.php][function: handle]request data: {"admireCount": 50, "watchCount": 500, "uid": "user1002", "timeSpan": 50}
[2016-05-23 13:47:08][INFO] [file: D:\wamp\www\sxb\index.php][function: handle]response time: 0 secs, svc = live, cmd = host_heartbeat
[2016-05-23 13:47:08][INFO] [file: D:\wamp\www\sxb\index.php][function: handle]response data: {"errorCode":90000,"errorInfo":"Server internal error"}
[2016-05-23 13:49:55][INFO] [file: D:\wamp\www\sxb\index.php][function: handle]request data: {"admireCount": 50, "watchCount": 500, "uid": "user1002", "timeSpan": 50}
[2016-05-23 13:49:55][INFO] [file: D:\wamp\www\sxb\index.php][function: handle]response time: 0 secs, svc = live, cmd = host_heartbeat
[2016-05-23 13:49:55][INFO] [file: D:\wamp\www\sxb\index.php][function: handle]response data: {"errorCode":20002,"errorInfo":"The user is not in live"}
[2016-05-23 13:50:07][INFO] [file: D:\wamp\www\sxb\index.php][function: handle]request data: {"pageIndex": 0, "pageSize": 10}
[2016-05-23 13:50:07][INFO] [file: D:\wamp\www\sxb\index.php][function: handle]response time: 0 secs, svc = live, cmd = list
[2016-05-23 13:50:07][INFO] [file: D:\wamp\www\sxb\index.php][function: handle]response data: {"data":{"totalItem":2,"recordList":[{"title":"2016-05-23 13:45:48","cover":"2016-05-23 13:45:48","chatRoomId":2016,"host":{"uid":"2016-05-23 13:45:48","avatar":"2016-05-23 13:45:48","username":"2016-05-23 13:45:48"},"lbs":{"longitude":2016,"latitude":2016,"address":"2016-05-23 13:45:48"},"admireCount":2016,"timeSpan":2016,"watchCount":2016,"createTime":false,"avRoomId":2016},{"title":"2016-05-23 13:45:24","cover":"2016-05-23 13:45:24","chatRoomId":2016,"host":{"uid":"2016-05-23 13:45:24","avatar":"2016-05-23 13:45:24","username":"2016-05-23 13:45:24"},"lbs":{"longitude":2016,"latitude":2016,"address":"2016-05-23 13:45:24"},"admireCount":2016,"timeSpan":2016,"watchCount":2016,"createTime":false,"avRoomId":2016}]},"errorCode":0,"errorInfo":""}
[2016-05-23 13:50:07][INFO] [file: D:\wamp\www\sxb\index.php][function: handle]request data: {"admireCount": 50, "watchCount": 500, "uid": "user1002", "timeSpan": 50}
[2016-05-23 13:50:07][INFO] [file: D:\wamp\www\sxb\index.php][function: handle]response time: 0 secs, svc = live, cmd = host_heartbeat
[2016-05-23 13:50:07][INFO] [file: D:\wamp\www\sxb\index.php][function: handle]response data: {"errorCode":20002,"errorInfo":"The user is not in live"}
[2016-05-23 13:50:16][INFO] [file: D:\wamp\www\sxb\index.php][function: handle]request data: {"pageIndex": 0, "pageSize": 10}
[2016-05-23 13:50:16][INFO] [file: D:\wamp\www\sxb\index.php][function: handle]response time: 0 secs, svc = live, cmd = list
[2016-05-23 13:50:16][INFO] [file: D:\wamp\www\sxb\index.php][function: handle]response data: {"data":{"totalItem":2,"recordList":[{"title":"2016-05-23 13:45:48","cover":"2016-05-23 13:45:48","chatRoomId":2016,"host":{"uid":"2016-05-23 13:45:48","avatar":"2016-05-23 13:45:48","username":"2016-05-23 13:45:48"},"lbs":{"longitude":2016,"latitude":2016,"address":"2016-05-23 13:45:48"},"admireCount":2016,"timeSpan":2016,"watchCount":2016,"createTime":false,"avRoomId":2016},{"title":"2016-05-23 13:45:24","cover":"2016-05-23 13:45:24","chatRoomId":2016,"host":{"uid":"2016-05-23 13:45:24","avatar":"2016-05-23 13:45:24","username":"2016-05-23 13:45:24"},"lbs":{"longitude":2016,"latitude":2016,"address":"2016-05-23 13:45:24"},"admireCount":2016,"timeSpan":2016,"watchCount":2016,"createTime":false,"avRoomId":2016}]},"errorCode":0,"errorInfo":""}
[2016-05-23 13:52:12][INFO] [file: D:\wamp\www\sxb\index.php][function: handle]request data: {"pageIndex": 0, "pageSize": 10}
[2016-05-23 13:52:12][INFO] [file: D:\wamp\www\sxb\index.php][function: handle]response time: 0 secs, svc = live, cmd = list
[2016-05-23 13:52:12][INFO] [file: D:\wamp\www\sxb\index.php][function: handle]response data: {"data":{"totalItem":0,"recordList":[]},"errorCode":0,"errorInfo":""}
[2016-05-23 13:52:21][INFO] [file: D:\wamp\www\sxb\index.php][function: handle]request data: {"lbs": {"latitude": 2.1, "longitude": 1.2, "address": "\u4e0a\u6d77"}, "title": "\u54c7\u54c7\u54c7\u54c7\u54c7\u54c7\u54c7\u54c7\u54c7\u54c7\u54c7\u54c7\u54c7\u54c7\u54c7\u54c7\u54c7\u54c7\u54c7\u54c7\u54c7\u54c7\u54c7\u54c7\u54c7\u54c7\u54c7\u54c7\u54c7\u54c7\u54c7\u54c7", "cover": "http://aa.com", "host": {"username": "\u7528\u6237\u540d", "uid": "user1002", "avatar": "http://r.plures.net/lg/images/star/live/topbar-logo-large.png"}, "chatRoomId": "1", "avRoomId": 1}
[2016-05-23 13:53:16][INFO] [file: D:\wamp\www\sxb\index.php][function: handle]request data: {"lbs": {"latitude": 2.1, "longitude": 1.2, "address": "\u4e0a\u6d77"}, "title": "\u54c7\u54c7\u54c7\u54c7\u54c7\u54c7\u54c7\u54c7\u54c7\u54c7\u54c7\u54c7\u54c7\u54c7\u54c7\u54c7\u54c7\u54c7\u54c7\u54c7\u54c7\u54c7\u54c7\u54c7\u54c7\u54c7\u54c7\u54c7\u54c7\u54c7\u54c7\u54c7", "cover": "http://aa.com", "host": {"username": "\u7528\u6237\u540d", "uid": "user1002", "avatar": "http://r.plures.net/lg/images/star/live/topbar-logo-large.png"}, "chatRoomId": "1", "avRoomId": 1}
[2016-05-23 13:55:39][INFO] [file: D:\wamp\www\sxb\index.php][function: handle]request data: {"lbs": {"latitude": 2.1, "longitude": 1.2, "address": "\u4e0a\u6d77"}, "title": "\u54c7\u54c7\u54c7\u54c7\u54c7\u54c7\u54c7\u54c7\u54c7\u54c7\u54c7\u54c7\u54c7\u54c7\u54c7\u54c7\u54c7\u54c7\u54c7\u54c7\u54c7\u54c7\u54c7\u54c7\u54c7\u54c7\u54c7\u54c7\u54c7\u54c7\u54c7\u54c7", "cover": "http://aa.com", "host": {"username": "\u7528\u6237\u540d", "uid": "user1002", "avatar": "http://r.plures.net/lg/images/star/live/topbar-logo-large.png"}, "chatRoomId": "1", "avRoomId": 1}
[2016-05-23 13:55:39][INFO] [file: D:\wamp\www\sxb\index.php][function: handle]response time: 0 secs, svc = live, cmd = start
[2016-05-23 13:55:39][INFO] [file: D:\wamp\www\sxb\index.php][function: handle]response data: {"data":{"id":"3"},"errorCode":0,"errorInfo":""}
[2016-05-23 13:56:28][INFO] [file: D:\wamp\www\sxb\index.php][function: handle]request data: {"lbs": {"latitude": 2.1, "longitude": 1.2, "address": "\u4e0a\u6d77"}, "title": "\u54c7\u54c7\u54c7\u54c7\u54c7\u54c7\u54c7\u54c7\u54c7\u54c7\u54c7\u54c7\u54c7\u54c7\u54c7\u54c7\u54c7\u54c7\u54c7\u54c7\u54c7\u54c7\u54c7\u54c7\u54c7\u54c7\u54c7\u54c7\u54c7\u54c7\u54c7\u54c7", "cover": "http://aa.com", "host": {"username": "\u7528\u6237\u540d", "uid": "user1002", "avatar": "http://r.plures.net/lg/images/star/live/topbar-logo-large.png"}, "chatRoomId": "1", "avRoomId": 1}
[2016-05-23 13:57:09][INFO] [file: D:\wamp\www\sxb\index.php][function: handle]request data: {"lbs": {"latitude": 2.1, "longitude": 1.2, "address": "\u4e0a\u6d77"}, "title": "\u54c7\u54c7\u54c7\u54c7\u54c7\u54c7\u54c7\u54c7\u54c7\u54c7\u54c7\u54c7\u54c7\u54c7\u54c7\u54c7\u54c7\u54c7\u54c7\u54c7\u54c7\u54c7\u54c7\u54c7\u54c7\u54c7\u54c7\u54c7\u54c7\u54c7\u54c7\u54c7", "cover": "http://aa.com", "host": {"username": "\u7528\u6237\u540d", "uid": "user1002", "avatar": "http://r.plures.net/lg/images/star/live/topbar-logo-large.png"}, "chatRoomId": "1", "avRoomId": 1}
[2016-05-23 13:57:40][INFO] [file: D:\wamp\www\sxb\index.php][function: handle]request data: {"lbs": {"latitude": 2.1, "longitude": 1.2, "address": "\u4e0a\u6d77"}, "title": "\u54c7\u54c7\u54c7\u54c7\u54c7\u54c7\u54c7\u54c7\u54c7\u54c7\u54c7\u54c7\u54c7\u54c7\u54c7\u54c7\u54c7\u54c7\u54c7\u54c7\u54c7\u54c7\u54c7\u54c7\u54c7\u54c7\u54c7\u54c7\u54c7\u54c7\u54c7\u54c7", "cover": "http://aa.com", "host": {"username": "\u7528\u6237\u540d", "uid": "user1002", "avatar": "http://r.plures.net/lg/images/star/live/topbar-logo-large.png"}, "chatRoomId": "1", "avRoomId": 1}
[2016-05-23 13:58:04][INFO] [file: D:\wamp\www\sxb\index.php][function: handle]request data: {"lbs": {"latitude": 2.1, "longitude": 1.2, "address": "\u4e0a\u6d77"}, "title": "\u54c7\u54c7\u54c7\u54c7\u54c7\u54c7\u54c7\u54c7\u54c7\u54c7\u54c7\u54c7\u54c7\u54c7\u54c7\u54c7\u54c7\u54c7\u54c7\u54c7\u54c7\u54c7\u54c7\u54c7\u54c7\u54c7\u54c7\u54c7\u54c7\u54c7\u54c7\u54c7", "cover": "http://aa.com", "host": {"username": "\u7528\u6237\u540d", "uid": "user1002", "avatar": "http://r.plures.net/lg/images/star/live/topbar-logo-large.png"}, "chatRoomId": "1", "avRoomId": 1}
[2016-05-23 13:58:04][INFO] [file: D:\wamp\www\sxb\index.php][function: handle]response time: 0 secs, svc = live, cmd = start
[2016-05-23 13:58:04][INFO] [file: D:\wamp\www\sxb\index.php][function: handle]response data: {"data":{"id":"4"},"errorCode":0,"errorInfo":""}
[2016-05-23 13:58:33][INFO] [file: D:\wamp\www\sxb\index.php][function: handle]request data: {"lbs": {"latitude": 2.1, "longitude": 1.2, "address": "\u4e0a\u6d77"}, "title": "\u54c7\u54c7\u54c7\u54c7\u54c7\u54c7\u54c7\u54c7\u54c7\u54c7\u54c7\u54c7\u54c7\u54c7\u54c7\u54c7\u54c7\u54c7\u54c7\u54c7\u54c7\u54c7\u54c7\u54c7\u54c7\u54c7\u54c7\u54c7\u54c7\u54c7\u54c7\u54c7", "cover": "http://aa.com", "host": {"username": "\u7528\u6237\u540d", "uid": "user1002", "avatar": "http://r.plures.net/lg/images/star/live/topbar-logo-large.png"}, "chatRoomId": "1", "avRoomId": 1}
[2016-05-23 14:01:08][INFO] [file: D:\wamp\www\sxb\index.php][function: handle]request data: {"lbs": {"latitude": 2.1, "longitude": 1.2, "address": "\u4e0a\u6d77"}, "title": "\u54c7\u54c7\u54c7\u54c7\u54c7\u54c7\u54c7\u54c7\u54c7\u54c7\u54c7\u54c7\u54c7\u54c7\u54c7\u54c7\u54c7\u54c7\u54c7\u54c7\u54c7\u54c7\u54c7\u54c7\u54c7\u54c7\u54c7\u54c7\u54c7\u54c7\u54c7\u54c7", "cover": "http://aa.com", "host": {"username": "\u7528\u6237\u540d", "uid": "user1002", "avatar": "http://r.plures.net/lg/images/star/live/topbar-logo-large.png"}, "chatRoomId": "1", "avRoomId": 1}
[2016-05-23 14:01:16][INFO] [file: D:\wamp\www\sxb\index.php][function: handle]request data: {"lbs": {"latitude": 2.1, "longitude": 1.2, "address": "\u4e0a\u6d77"}, "title": "\u54c7\u54c7\u54c7\u54c7\u54c7\u54c7\u54c7\u54c7\u54c7\u54c7\u54c7\u54c7\u54c7\u54c7\u54c7\u54c7\u54c7\u54c7\u54c7\u54c7\u54c7\u54c7\u54c7\u54c7\u54c7\u54c7\u54c7\u54c7\u54c7\u54c7\u54c7\u54c7", "cover": "http://aa.com", "host": {"username": "\u7528\u6237\u540d", "uid": "user1002", "avatar": "http://r.plures.net/lg/images/star/live/topbar-logo-large.png"}, "chatRoomId": "1", "avRoomId": 1}
[2016-05-23 14:01:16][INFO] [file: D:\wamp\www\sxb\index.php][function: handle]response time: 0 secs, svc = live, cmd = start
[2016-05-23 14:01:16][INFO] [file: D:\wamp\www\sxb\index.php][function: handle]response data: {"data":{"id":"5"},"errorCode":0,"errorInfo":""}
[2016-05-23 14:01:59][INFO] [file: D:\wamp\www\sxb\index.php][function: handle]request data: {"lbs": {"latitude": 2.1, "longitude": 1.2, "address": "\u4e0a\u6d77"}, "title": "\u54c7\u54c7\u54c7\u54c7\u54c7\u54c7\u54c7\u54c7\u54c7\u54c7\u54c7\u54c7\u54c7\u54c7\u54c7\u54c7\u54c7\u54c7\u54c7\u54c7\u54c7\u54c7\u54c7\u54c7\u54c7\u54c7\u54c7\u54c7\u54c7\u54c7\u54c7\u54c7", "cover": "http://aa.com", "host": {"username": "\u7528\u6237\u540d", "uid": "user1002", "avatar": "http://r.plures.net/lg/images/star/live/topbar-logo-large.png"}, "chatRoomId": "1", "avRoomId": 1}
[2016-05-23 14:01:59][INFO] [file: D:\wamp\www\sxb\index.php][function: handle]response time: 0 secs, svc = live, cmd = start
[2016-05-23 14:01:59][INFO] [file: D:\wamp\www\sxb\index.php][function: handle]response data: {"data":{"id":"6"},"errorCode":0,"errorInfo":""}
[2016-05-23 14:02:20][INFO] [file: D:\wamp\www\sxb\index.php][function: handle]request data: {"lbs": {"latitude": 2.1, "longitude": 1.2, "address": "\u4e0a\u6d77"}, "title": "\u54c7\u54c7\u54c7\u54c7\u54c7\u54c7\u54c7\u54c7\u54c7\u54c7\u54c7\u54c7\u54c7\u54c7\u54c7\u54c7\u54c7\u54c7\u54c7\u54c7\u54c7\u54c7\u54c7\u54c7\u54c7\u54c7\u54c7\u54c7\u54c7\u54c7\u54c7\u54c7", "cover": "http://aa.com", "host": {"username": "\u7528\u6237\u540d", "uid": "user1002", "avatar": "http://r.plures.net/lg/images/star/live/topbar-logo-large.png"}, "chatRoomId": "1", "avRoomId": 1}
[2016-05-23 14:02:20][INFO] [file: D:\wamp\www\sxb\index.php][function: handle]response time: 0 secs, svc = live, cmd = start
[2016-05-23 14:02:20][INFO] [file: D:\wamp\www\sxb\index.php][function: handle]response data: {"data":{"id":"7"},"errorCode":0,"errorInfo":""}
[2016-05-23 14:03:00][INFO] [file: D:\wamp\www\sxb\index.php][function: handle]request data: {"lbs": {"latitude": 2.1, "longitude": 1.2, "address": "\u4e0a\u6d77"}, "title": "\u54c7\u54c7\u54c7\u54c7\u54c7\u54c7\u54c7\u54c7\u54c7\u54c7\u54c7\u54c7\u54c7\u54c7\u54c7\u54c7\u54c7\u54c7\u54c7\u54c7\u54c7\u54c7\u54c7\u54c7\u54c7\u54c7\u54c7\u54c7\u54c7\u54c7\u54c7\u54c7", "cover": "http://aa.com", "host": {"username": "\u7528\u6237\u540d", "uid": "user1002", "avatar": "http://r.plures.net/lg/images/star/live/topbar-logo-large.png"}, "chatRoomId": "1", "avRoomId": 1}
[2016-05-23 14:03:51][INFO] [file: D:\wamp\www\sxb\index.php][function: handle]request data: {"lbs": {"latitude": 2.1, "longitude": 1.2, "address": "\u4e0a\u6d77"}, "title": "\u54c7\u54c7\u54c7\u54c7\u54c7\u54c7\u54c7\u54c7\u54c7\u54c7\u54c7\u54c7\u54c7\u54c7\u54c7\u54c7\u54c7\u54c7\u54c7\u54c7\u54c7\u54c7\u54c7\u54c7\u54c7\u54c7\u54c7\u54c7\u54c7\u54c7\u54c7\u54c7", "cover": "http://aa.com", "host": {"username": "\u7528\u6237\u540d", "uid": "user1002", "avatar": "http://r.plures.net/lg/images/star/live/topbar-logo-large.png"}, "chatRoomId": "1", "avRoomId": 1}
[2016-05-23 14:03:51][INFO] [file: D:\wamp\www\sxb\index.php][function: handle]response time: 0 secs, svc = live, cmd = start
[2016-05-23 14:03:51][INFO] [file: D:\wamp\www\sxb\index.php][function: handle]response data: {"data":{"id":"8"},"errorCode":0,"errorInfo":""}
[2016-05-23 14:04:49][INFO] [file: D:\wamp\www\sxb\index.php][function: handle]request data: {"lbs": {"latitude": 2.1, "longitude": 1.2, "address": "\u4e0a\u6d77"}, "title": "\u54c7\u54c7\u54c7\u54c7\u54c7\u54c7\u54c7\u54c7\u54c7\u54c7\u54c7\u54c7\u54c7\u54c7\u54c7\u54c7\u54c7\u54c7\u54c7\u54c7\u54c7\u54c7\u54c7\u54c7\u54c7\u54c7\u54c7\u54c7\u54c7\u54c7\u54c7\u54c7", "cover": "http://aa.com", "host": {"username": "\u7528\u6237\u540d", "uid": "user1002", "avatar": "http://r.plures.net/lg/images/star/live/topbar-logo-large.png"}, "chatRoomId": "1", "avRoomId": 1}
[2016-05-23 14:08:08][INFO] [file: D:\wamp\www\sxb\index.php][function: handle]request data: {"lbs": {"latitude": 2.1, "longitude": 1.2, "address": "\u4e0a\u6d77"}, "title": "\u54c7\u54c7\u54c7\u54c7\u54c7\u54c7\u54c7\u54c7\u54c7\u54c7\u54c7\u54c7\u54c7\u54c7\u54c7\u54c7\u54c7\u54c7\u54c7\u54c7\u54c7\u54c7\u54c7\u54c7\u54c7\u54c7\u54c7\u54c7\u54c7\u54c7\u54c7\u54c7", "cover": "http://aa.com", "host": {"username": "\u7528\u6237\u540d", "uid": "user1002", "avatar": "http://r.plures.net/lg/images/star/live/topbar-logo-large.png"}, "chatRoomId": "1", "avRoomId": 1}
[2016-05-23 14:08:08][INFO] [file: D:\wamp\www\sxb\index.php][function: handle]response time: 0 secs, svc = live, cmd = start
[2016-05-23 14:08:08][INFO] [file: D:\wamp\www\sxb\index.php][function: handle]response data: {"data":{"id":"9"},"errorCode":0,"errorInfo":""}
[2016-05-23 14:10:58][INFO] [file: D:\wamp\www\sxb\index.php][function: handle]request data: {"admireCount": 50, "watchCount": 500, "uid": "user1002", "timeSpan": 50}
[2016-05-23 14:10:58][INFO] [file: D:\wamp\www\sxb\index.php][function: handle]response time: 0 secs, svc = live, cmd = host_heartbeat
[2016-05-23 14:10:58][INFO] [file: D:\wamp\www\sxb\index.php][function: handle]response data: {"errorCode":0,"errorInfo":""}
[2016-05-23 14:12:22][INFO] [file: D:\wamp\www\sxb\index.php][function: handle]request data: {"admireCount": 50, "watchCount": 500, "uid": "user1002", "timeSpan": 50}
[2016-05-23 14:13:03][INFO] [file: D:\wamp\www\sxb\index.php][function: handle]request data: {"admireCount": 50, "watchCount": 500, "uid": "user1002", "timeSpan": 50}
[2016-05-23 14:13:42][INFO] [file: D:\wamp\www\sxb\index.php][function: handle]request data: {"admireCount": 50, "watchCount": 500, "uid": "user1002", "timeSpan": 50}
[2016-05-23 14:16:08][INFO] [file: D:\wamp\www\sxb\index.php][function: handle]request data: {"admireCount": 50, "watchCount": 500, "uid": "user1002", "timeSpan": 50}
[2016-05-23 14:16:08][INFO] [file: D:\wamp\www\sxb\index.php][function: handle]response time: 0 secs, svc = live, cmd = host_heartbeat
[2016-05-23 14:16:08][INFO] [file: D:\wamp\www\sxb\index.php][function: handle]response data: {"errorCode":20002,"errorInfo":"The user is not in live"}
[2016-05-23 14:16:29][INFO] [file: D:\wamp\www\sxb\index.php][function: handle]request data: {"admireCount": 50, "watchCount": 500, "uid": "user1002", "timeSpan": 50}
[2016-05-23 14:16:29][INFO] [file: D:\wamp\www\sxb\index.php][function: handle]response time: 0 secs, svc = live, cmd = host_heartbeat
[2016-05-23 14:16:29][INFO] [file: D:\wamp\www\sxb\index.php][function: handle]response data: {"errorCode":20002,"errorInfo":"The user is not in live"}
[2016-05-23 14:17:31][INFO] [file: D:\wamp\www\sxb\index.php][function: handle]request data: {"admireCount": 50, "watchCount": 500, "uid": "user1002", "timeSpan": 50}
[2016-05-23 14:19:25][INFO] [file: D:\wamp\www\sxb\index.php][function: handle]request data: {"admireCount": 50, "watchCount": 500, "uid": "user1002", "timeSpan": 50}
[2016-05-23 14:21:41][INFO] [file: D:\wamp\www\sxb\index.php][function: handle]request data: {"admireCount": 50, "watchCount": 500, "uid": "user1002", "timeSpan": 50}
[2016-05-23 14:22:01][INFO] [file: D:\wamp\www\sxb\index.php][function: handle]request data: {"admireCount": 50, "watchCount": 500, "uid": "user1002", "timeSpan": 50}
[2016-05-23 14:22:01][INFO] [file: D:\wamp\www\sxb\index.php][function: handle]response time: 0 secs, svc = live, cmd = host_heartbeat
[2016-05-23 14:22:01][INFO] [file: D:\wamp\www\sxb\index.php][function: handle]response data: {"errorCode":0,"errorInfo":""}
[2016-05-23 14:22:06][INFO] [file: D:\wamp\www\sxb\index.php][function: handle]request data: {"admireCount": 50, "watchCount": 500, "uid": "user1002", "timeSpan": 50}
[2016-05-23 14:22:06][INFO] [file: D:\wamp\www\sxb\index.php][function: handle]response time: 0 secs, svc = live, cmd = host_heartbeat
[2016-05-23 14:22:06][INFO] [file: D:\wamp\www\sxb\index.php][function: handle]response data: {"errorCode":20002,"errorInfo":"The user is not in live"}
[2016-05-23 14:22:08][INFO] [file: D:\wamp\www\sxb\index.php][function: handle]request data: {"admireCount": 50, "watchCount": 500, "uid": "user1002", "timeSpan": 50}
[2016-05-23 14:22:08][INFO] [file: D:\wamp\www\sxb\index.php][function: handle]response time: 0 secs, svc = live, cmd = host_heartbeat
[2016-05-23 14:22:08][INFO] [file: D:\wamp\www\sxb\index.php][function: handle]response data: {"errorCode":20002,"errorInfo":"The user is not in live"}
[2016-05-23 14:22:59][INFO] [file: D:\wamp\www\sxb\index.php][function: handle]request data: {"admireCount": 50, "watchCount": 500, "uid": "user1002", "timeSpan": 50}
[2016-05-23 14:22:59][INFO] [file: D:\wamp\www\sxb\index.php][function: handle]response time: 0 secs, svc = live, cmd = host_heartbeat
[2016-05-23 14:22:59][INFO] [file: D:\wamp\www\sxb\index.php][function: handle]response data: {"errorCode":20002,"errorInfo":"The user is not in live"}
[2016-05-23 14:23:01][INFO] [file: D:\wamp\www\sxb\index.php][function: handle]request data: {"admireCount": 50, "watchCount": 500, "uid": "user1002", "timeSpan": 50}
[2016-05-23 14:23:01][INFO] [file: D:\wamp\www\sxb\index.php][function: handle]response time: 0 secs, svc = live, cmd = host_heartbeat
[2016-05-23 14:23:01][INFO] [file: D:\wamp\www\sxb\index.php][function: handle]response data: {"errorCode":20002,"errorInfo":"The user is not in live"}
[2016-05-23 14:23:01][INFO] [file: D:\wamp\www\sxb\index.php][function: handle]request data: {"admireCount": 50, "watchCount": 500, "uid": "user1002", "timeSpan": 50}
[2016-05-23 14:23:01][INFO] [file: D:\wamp\www\sxb\index.php][function: handle]response time: 0 secs, svc = live, cmd = host_heartbeat
[2016-05-23 14:23:01][INFO] [file: D:\wamp\www\sxb\index.php][function: handle]response data: {"errorCode":20002,"errorInfo":"The user is not in live"}
[2016-05-23 14:23:01][INFO] [file: D:\wamp\www\sxb\index.php][function: handle]request data: {"admireCount": 50, "watchCount": 500, "uid": "user1002", "timeSpan": 50}
[2016-05-23 14:23:01][INFO] [file: D:\wamp\www\sxb\index.php][function: handle]response time: 0 secs, svc = live, cmd = host_heartbeat
[2016-05-23 14:23:01][INFO] [file: D:\wamp\www\sxb\index.php][function: handle]response data: {"errorCode":20002,"errorInfo":"The user is not in live"}
[2016-05-23 14:23:01][INFO] [file: D:\wamp\www\sxb\index.php][function: handle]request data: {"admireCount": 50, "watchCount": 500, "uid": "user1002", "timeSpan": 50}
[2016-05-23 14:23:01][INFO] [file: D:\wamp\www\sxb\index.php][function: handle]response time: 0 secs, svc = live, cmd = host_heartbeat
[2016-05-23 14:23:01][INFO] [file: D:\wamp\www\sxb\index.php][function: handle]response data: {"errorCode":20002,"errorInfo":"The user is not in live"}
[2016-05-23 14:23:33][INFO] [file: D:\wamp\www\sxb\index.php][function: handle]request data: {"admireCount": 50, "watchCount": 500, "uid": "user1002", "timeSpan": 50}
[2016-05-23 14:24:45][INFO] [file: D:\wamp\www\sxb\index.php][function: handle]request data: {"admireCount": 50, "watchCount": 500, "uid": "user1002", "timeSpan": 50}
[2016-05-23 14:34:58][INFO] [file: D:\wamp\www\sxb\index.php][function: handle]request data: {"admireCount": 50, "watchCount": 500, "uid": "user1002", "timeSpan": 50}
[2016-05-23 14:34:58][INFO] [file: D:\wamp\www\sxb\index.php][function: handle]response time: 0 secs, svc = live, cmd = host_heartbeat
[2016-05-23 14:34:58][INFO] [file: D:\wamp\www\sxb\index.php][function: handle]response data: {"errorCode":20002,"errorInfo":"The user is not in live"}
